
02/04/2026, 14:48:30 - ERROR: Download of “https://lirp.cdn-website.com/”, referred from “/Users/mark/Downloads/us.sitesucker.mac.sitesucker/www.neilwilsondesign.co.uk/black-swan-inn---Seahouses.html”, failed with error code 404 (not found)
02/04/2026, 14:48:30 - ERROR: Download of “https://lirp.cdn-website.com/”, referred from “/Users/mark/Downloads/us.sitesucker.mac.sitesucker/www.neilwilsondesign.co.uk/index.html”, failed with error code 404 (not found)
02/04/2026, 14:48:30 - ERROR: Download of “https://lirp.cdn-website.com/”, referred from “/Users/mark/Downloads/us.sitesucker.mac.sitesucker/www.neilwilsondesign.co.uk/blog.html”, failed with error code 404 (not found)
02/04/2026, 14:48:30 - ERROR: Download of “https://irt-cdn.multiscreensite.com/ce0bb35f932b47bb809d0e37905542ba/dms3rep/multi/site_background_education-2087x1173.jpg”, referred from “/Users/mark/Downloads/us.sitesucker.mac.sitesucker/www.neilwilsondesign.co.uk/index.html”, failed with error code 403 (forbidden)
02/04/2026, 14:48:39 - ERROR: Download of “https://lirp.cdn-website.com/”, referred from “/Users/mark/Downloads/us.sitesucker.mac.sitesucker/www.neilwilsondesign.co.uk/chelmsford-lofts--newcastle.html”, failed with error code 404 (not found)
02/04/2026, 14:48:40 - ERROR: Download of “https://lirp.cdn-website.com/”, referred from “/Users/mark/Downloads/us.sitesucker.mac.sitesucker/www.neilwilsondesign.co.uk/henson-motor-group.html”, failed with error code 404 (not found)
02/04/2026, 14:48:40 - ERROR: Download of “https://lirp.cdn-website.com/”, referred from “/Users/mark/Downloads/us.sitesucker.mac.sitesucker/www.neilwilsondesign.co.uk/high-point-view---whitley-bay.html”, failed with error code 404 (not found)
02/04/2026, 14:48:41 - ERROR: Download of “https://lirp.cdn-website.com/”, referred from “/Users/mark/Downloads/us.sitesucker.mac.sitesucker/www.neilwilsondesign.co.uk/craster-arms---beadnell.html”, failed with error code 404 (not found)
02/04/2026, 14:48:44 - ERROR: Download of “https://lirp.cdn-website.com/”, referred from “/Users/mark/Downloads/us.sitesucker.mac.sitesucker/www.neilwilsondesign.co.uk/salt-water-cafe--beadnell.html”, failed with error code 404 (not found)
02/04/2026, 14:48:45 - ERROR: Download of “https://lirp.cdn-website.com/”, referred from “/Users/mark/Downloads/us.sitesucker.mac.sitesucker/www.neilwilsondesign.co.uk/st-james-view---newcastle.html”, failed with error code 404 (not found)
02/04/2026, 14:48:46 - ERROR: Download of “https://lirp.cdn-website.com/”, referred from “/Users/mark/Downloads/us.sitesucker.mac.sitesucker/www.neilwilsondesign.co.uk/bombay-grill-house.html”, failed with error code 404 (not found)
02/04/2026, 14:48:49 - ERROR: Download of “https://lirp.cdn-website.com/”, referred from “/Users/mark/Downloads/us.sitesucker.mac.sitesucker/www.neilwilsondesign.co.uk/shola-amiobi-apartment---newcastle.html”, failed with error code 404 (not found)
02/04/2026, 14:48:49 - ERROR: Download of “https://lirp.cdn-website.com/”, referred from “/Users/mark/Downloads/us.sitesucker.mac.sitesucker/www.neilwilsondesign.co.uk/hinnies---whitley-bay.html”, failed with error code 404 (not found)
02/04/2026, 14:48:50 - ERROR: Download of “https://lirp.cdn-website.com/”, referred from “/Users/mark/Downloads/us.sitesucker.mac.sitesucker/www.neilwilsondesign.co.uk/the-grocery---newcastle.html”, failed with error code 404 (not found)
02/04/2026, 14:48:55 - ERROR: Download of “https://lirp.cdn-website.com/”, referred from “/Users/mark/Downloads/us.sitesucker.mac.sitesucker/www.neilwilsondesign.co.uk/henson-motor-group---brand.html”, failed with error code 404 (not found)
02/04/2026, 14:48:55 - ERROR: Download of “https://lirp.cdn-website.com/”, referred from “/Users/mark/Downloads/us.sitesucker.mac.sitesucker/www.neilwilsondesign.co.uk/luigikhans---newcastle.html”, failed with error code 404 (not found)
02/04/2026, 14:48:55 - ERROR: Download of “https://lirp.cdn-website.com/”, referred from “/Users/mark/Downloads/us.sitesucker.mac.sitesucker/www.neilwilsondesign.co.uk/workpattern.html”, failed with error code 404 (not found)
02/04/2026, 14:48:55 - ERROR: Download of “https://lirp.cdn-website.com/”, referred from “/Users/mark/Downloads/us.sitesucker.mac.sitesucker/www.neilwilsondesign.co.uk/ken-speckle.html”, failed with error code 404 (not found)
02/04/2026, 14:48:57 - ERROR: Download of “https://lirp.cdn-website.com/”, referred from “/Users/mark/Downloads/us.sitesucker.mac.sitesucker/www.neilwilsondesign.co.uk/soundeck.html”, failed with error code 404 (not found)
02/04/2026, 14:49:00 - ERROR: Download of “https://lirp.cdn-website.com/”, referred from “/Users/mark/Downloads/us.sitesucker.mac.sitesucker/www.neilwilsondesign.co.uk/cheese-cafe---newcastle.html”, failed with error code 404 (not found)
02/04/2026, 14:49:02 - ERROR: Download of “https://lirp.cdn-website.com/”, referred from “/Users/mark/Downloads/us.sitesucker.mac.sitesucker/www.neilwilsondesign.co.uk/panda-babies.html”, failed with error code 404 (not found)
02/04/2026, 14:49:02 - ERROR: Download of “https://lirp.cdn-website.com/”, referred from “/Users/mark/Downloads/us.sitesucker.mac.sitesucker/www.neilwilsondesign.co.uk/tizzy-lemon.html”, failed with error code 404 (not found)
02/04/2026, 14:49:03 - ERROR: Download of “https://lirp.cdn-website.com/”, referred from “/Users/mark/Downloads/us.sitesucker.mac.sitesucker/www.neilwilsondesign.co.uk/charlie-frys---newcastle.html”, failed with error code 404 (not found)
02/04/2026, 14:49:04 - ERROR: Download of “https://lirp.cdn-website.com/”, referred from “/Users/mark/Downloads/us.sitesucker.mac.sitesucker/www.neilwilsondesign.co.uk/r-and-d-tax-credit-app.html”, failed with error code 404 (not found)
02/04/2026, 14:49:04 - ERROR: Download of “https://irt-cdn.multiscreensite.com/ce0bb35f932b47bb809d0e37905542ba/dms3rep/multi/site_background_education-2087x1173.jpg”, referred from “/Users/mark/Downloads/us.sitesucker.mac.sitesucker/irp.cdn-website.com/77aa5218/files/77aa5218_withFlex_1.min﹖v=212.css”, failed with error code 403 (forbidden)
02/04/2026, 14:49:04 - ERROR: Download of “https://irt-cdn.multiscreensite.com/ce0bb35f932b47bb809d0e37905542ba/dms3rep/multi/site_background_education-2087x1173.jpg”, referred from “/Users/mark/Downloads/us.sitesucker.mac.sitesucker/irp.cdn-website.com/77aa5218/files/77aa5218_1.min﹖v=212.css”, failed with error code 403 (forbidden)
02/04/2026, 14:49:05 - ERROR: Download of “https://lirp.cdn-website.com/”, referred from “/Users/mark/Downloads/us.sitesucker.mac.sitesucker/www.neilwilsondesign.co.uk/privacy.html”, failed with error code 404 (not found)
02/04/2026, 14:49:06 - ERROR: Download of “https://lirp.cdn-website.com/”, referred from “/Users/mark/Downloads/us.sitesucker.mac.sitesucker/www.neilwilsondesign.co.uk/reimagining-a-classic-bold-packaging-for-a-new-era-of-confectionery.html”, failed with error code 404 (not found)
02/04/2026, 14:49:07 - ERROR: Download of “https://lirp.cdn-website.com/”, referred from “/Users/mark/Downloads/us.sitesucker.mac.sitesucker/www.neilwilsondesign.co.uk/why-acoustic-dampening-matters-in-car-showrooms.html”, failed with error code 404 (not found)
02/04/2026, 14:49:07 - ERROR: Download of “https://lirp.cdn-website.com/”, referred from “/Users/mark/Downloads/us.sitesucker.mac.sitesucker/www.neilwilsondesign.co.uk/why-is-scandi-design-a-good-choice-for-aparthotels.html”, failed with error code 404 (not found)
02/04/2026, 14:49:07 - ERROR: Download of “https://lirp.cdn-website.com/”, referred from “/Users/mark/Downloads/us.sitesucker.mac.sitesucker/www.neilwilsondesign.co.uk/why-kids-need-both-digital-and-physical-creative-spaces.html”, failed with error code 404 (not found)
02/04/2026, 14:49:08 - ERROR: Download of “https://www.neilwilsondesign.co.uk/panda-babies97ef959c”, referred from “/Users/mark/Downloads/us.sitesucker.mac.sitesucker/www.neilwilsondesign.co.uk/black-swan-inn---Seahouses.html”, failed with error code 404 (not found)
02/04/2026, 14:49:08 - ERROR: Download of “https://lirp.cdn-website.com/”, referred from “/Users/mark/Downloads/us.sitesucker.mac.sitesucker/www.neilwilsondesign.co.uk/why-bold-graphics-work-for-contemporary-brands.html”, failed with error code 404 (not found)
02/04/2026, 14:49:08 - ERROR: Download of “https://lirp.cdn-website.com/”, referred from “/Users/mark/Downloads/us.sitesucker.mac.sitesucker/www.neilwilsondesign.co.uk/how-digital-playhouse-apps-can-unlock-your-childs-imagination.html”, failed with error code 404 (not found)
02/04/2026, 14:49:08 - ERROR: Download of “https://www.neilwilsondesign.co.uk/lets-live-here---newcastle”, referred from “/Users/mark/Downloads/us.sitesucker.mac.sitesucker/www.neilwilsondesign.co.uk/luigikhans---newcastle.html”, failed with error code 404 (not found)
02/04/2026, 14:49:08 - ERROR: Download of “https://www.neilwilsondesign.co.uk/lets-live-here---newcastle”, referred from “/Users/mark/Downloads/us.sitesucker.mac.sitesucker/www.neilwilsondesign.co.uk/panda-babies.html”, failed with error code 404 (not found)
02/04/2026, 14:49:08 - ERROR: Download of “https://www.neilwilsondesign.co.uk/lets-live-here---newcastle”, referred from “/Users/mark/Downloads/us.sitesucker.mac.sitesucker/www.neilwilsondesign.co.uk/ken-speckle.html”, failed with error code 404 (not found)
02/04/2026, 14:49:08 - ERROR: Download of “https://www.neilwilsondesign.co.uk/lets-live-here---newcastle”, referred from “/Users/mark/Downloads/us.sitesucker.mac.sitesucker/www.neilwilsondesign.co.uk/black-swan-inn---Seahouses.html”, failed with error code 404 (not found)
02/04/2026, 14:49:08 - ERROR: Download of “https://www.neilwilsondesign.co.uk/lets-live-here---newcastle”, referred from “/Users/mark/Downloads/us.sitesucker.mac.sitesucker/www.neilwilsondesign.co.uk/henson-motor-group.html”, failed with error code 404 (not found)
02/04/2026, 14:49:08 - ERROR: Download of “https://www.neilwilsondesign.co.uk/lets-live-here---newcastle”, referred from “/Users/mark/Downloads/us.sitesucker.mac.sitesucker/www.neilwilsondesign.co.uk/chelmsford-lofts--newcastle.html”, failed with error code 404 (not found)
02/04/2026, 14:49:08 - ERROR: Download of “https://www.neilwilsondesign.co.uk/lets-live-here---newcastle”, referred from “/Users/mark/Downloads/us.sitesucker.mac.sitesucker/www.neilwilsondesign.co.uk/st-james-view---newcastle.html”, failed with error code 404 (not found)
02/04/2026, 14:49:08 - ERROR: Download of “https://www.neilwilsondesign.co.uk/lets-live-here---newcastle”, referred from “/Users/mark/Downloads/us.sitesucker.mac.sitesucker/www.neilwilsondesign.co.uk/charlie-frys---newcastle.html”, failed with error code 404 (not found)
02/04/2026, 14:49:08 - ERROR: Download of “https://www.neilwilsondesign.co.uk/lets-live-here---newcastle”, referred from “/Users/mark/Downloads/us.sitesucker.mac.sitesucker/www.neilwilsondesign.co.uk/high-point-view---whitley-bay.html”, failed with error code 404 (not found)
02/04/2026, 14:49:08 - ERROR: Download of “https://www.neilwilsondesign.co.uk/lets-live-here---newcastle”, referred from “/Users/mark/Downloads/us.sitesucker.mac.sitesucker/www.neilwilsondesign.co.uk/workpattern.html”, failed with error code 404 (not found)
02/04/2026, 14:49:08 - ERROR: Download of “https://www.neilwilsondesign.co.uk/lets-live-here---newcastle”, referred from “/Users/mark/Downloads/us.sitesucker.mac.sitesucker/www.neilwilsondesign.co.uk/soundeck.html”, failed with error code 404 (not found)
02/04/2026, 14:49:08 - ERROR: Download of “https://www.neilwilsondesign.co.uk/lets-live-here---newcastle”, referred from “/Users/mark/Downloads/us.sitesucker.mac.sitesucker/www.neilwilsondesign.co.uk/hinnies---whitley-bay.html”, failed with error code 404 (not found)
02/04/2026, 14:49:08 - ERROR: Download of “https://www.neilwilsondesign.co.uk/lets-live-here---newcastle”, referred from “/Users/mark/Downloads/us.sitesucker.mac.sitesucker/www.neilwilsondesign.co.uk/salt-water-cafe--beadnell.html”, failed with error code 404 (not found)
02/04/2026, 14:49:08 - ERROR: Download of “https://www.neilwilsondesign.co.uk/lets-live-here---newcastle”, referred from “/Users/mark/Downloads/us.sitesucker.mac.sitesucker/www.neilwilsondesign.co.uk/r-and-d-tax-credit-app.html”, failed with error code 404 (not found)
02/04/2026, 14:49:08 - ERROR: Download of “https://www.neilwilsondesign.co.uk/lets-live-here---newcastle”, referred from “/Users/mark/Downloads/us.sitesucker.mac.sitesucker/www.neilwilsondesign.co.uk/shola-amiobi-apartment---newcastle.html”, failed with error code 404 (not found)
02/04/2026, 14:49:08 - ERROR: Download of “https://www.neilwilsondesign.co.uk/lets-live-here---newcastle”, referred from “/Users/mark/Downloads/us.sitesucker.mac.sitesucker/www.neilwilsondesign.co.uk/henson-motor-group---brand.html”, failed with error code 404 (not found)
02/04/2026, 14:49:08 - ERROR: Download of “https://www.neilwilsondesign.co.uk/lets-live-here---newcastle”, referred from “/Users/mark/Downloads/us.sitesucker.mac.sitesucker/www.neilwilsondesign.co.uk/tizzy-lemon.html”, failed with error code 404 (not found)
02/04/2026, 14:49:08 - ERROR: Download of “https://www.neilwilsondesign.co.uk/lets-live-here---newcastle”, referred from “/Users/mark/Downloads/us.sitesucker.mac.sitesucker/www.neilwilsondesign.co.uk/cheese-cafe---newcastle.html”, failed with error code 404 (not found)
02/04/2026, 14:49:08 - ERROR: Download of “https://www.neilwilsondesign.co.uk/lets-live-here---newcastle”, referred from “/Users/mark/Downloads/us.sitesucker.mac.sitesucker/www.neilwilsondesign.co.uk/bombay-grill-house.html”, failed with error code 404 (not found)
02/04/2026, 14:49:08 - ERROR: Download of “https://www.neilwilsondesign.co.uk/lets-live-here---newcastle”, referred from “/Users/mark/Downloads/us.sitesucker.mac.sitesucker/www.neilwilsondesign.co.uk/craster-arms---beadnell.html”, failed with error code 404 (not found)
02/04/2026, 14:49:08 - ERROR: Download of “https://www.neilwilsondesign.co.uk/lets-live-here---newcastle”, referred from “/Users/mark/Downloads/us.sitesucker.mac.sitesucker/www.neilwilsondesign.co.uk/the-grocery---newcastle.html”, failed with error code 404 (not found)
02/04/2026, 14:49:09 - ERROR: Download of “https://lirp.cdn-website.com/”, referred from “/Users/mark/Downloads/us.sitesucker.mac.sitesucker/www.neilwilsondesign.co.uk/why-should-you-use-industrial-interior-design-work-within-hospitality.html”, failed with error code 404 (not found)
02/04/2026, 14:49:33 - ERROR: Download of “https://www.neilwilsondesign.co.uk/st-dominics-newcastle”, referred from “/Users/mark/Downloads/us.sitesucker.mac.sitesucker/www.neilwilsondesign.co.uk/henson-motor-group---brand.html”, failed with error code 404 (not found)
02/04/2026, 14:49:33 - ERROR: Download of “https://www.neilwilsondesign.co.uk/st-dominics-newcastle”, referred from “/Users/mark/Downloads/us.sitesucker.mac.sitesucker/www.neilwilsondesign.co.uk/luigikhans---newcastle.html”, failed with error code 404 (not found)
02/04/2026, 14:49:33 - ERROR: Download of “https://www.neilwilsondesign.co.uk/st-dominics-newcastle”, referred from “/Users/mark/Downloads/us.sitesucker.mac.sitesucker/www.neilwilsondesign.co.uk/henson-motor-group.html”, failed with error code 404 (not found)
02/04/2026, 14:49:33 - ERROR: Download of “https://www.neilwilsondesign.co.uk/st-dominics-newcastle”, referred from “/Users/mark/Downloads/us.sitesucker.mac.sitesucker/www.neilwilsondesign.co.uk/the-grocery---newcastle.html”, failed with error code 404 (not found)
02/04/2026, 14:50:21 - ERROR: Download of “https://www.neilwilsondesign.co.uk/cafe-m---newcastle”, referred from “/Users/mark/Downloads/us.sitesucker.mac.sitesucker/www.neilwilsondesign.co.uk/shola-amiobi-apartment---newcastle.html”, failed with error code 404 (not found)
02/04/2026, 14:50:23 - ERROR: Download of “https://www.neilwilsondesign.co.uk/chia---newcastle”, referred from “/Users/mark/Downloads/us.sitesucker.mac.sitesucker/www.neilwilsondesign.co.uk/hinnies---whitley-bay.html”, failed with error code 404 (not found)
02/04/2026, 14:50:38 - ERROR: Download of “https://www.neilwilsondesign.co.uk/sleeperdorm---newcastle”, referred from “/Users/mark/Downloads/us.sitesucker.mac.sitesucker/www.neilwilsondesign.co.uk/charlie-frys---newcastle.html”, failed with error code 404 (not found)
02/04/2026, 14:50:38 - ERROR: Download of “https://www.neilwilsondesign.co.uk/sleeperdorm---newcastle”, referred from “/Users/mark/Downloads/us.sitesucker.mac.sitesucker/www.neilwilsondesign.co.uk/workpattern.html”, failed with error code 404 (not found)
02/04/2026, 14:50:38 - ERROR: Download of “https://www.neilwilsondesign.co.uk/arami---newcastle”, referred from “/Users/mark/Downloads/us.sitesucker.mac.sitesucker/www.neilwilsondesign.co.uk/cheese-cafe---newcastle.html”, failed with error code 404 (not found)
02/04/2026, 14:50:38 - ERROR: Download of “https://www.neilwilsondesign.co.uk/arami---newcastle”, referred from “/Users/mark/Downloads/us.sitesucker.mac.sitesucker/www.neilwilsondesign.co.uk/workpattern.html”, failed with error code 404 (not found)
02/04/2026, 14:50:40 - ERROR: Download of “https://www.neilwilsondesign.co.uk/sencha---newcastle”, referred from “/Users/mark/Downloads/us.sitesucker.mac.sitesucker/www.neilwilsondesign.co.uk/tizzy-lemon.html”, failed with error code 404 (not found)
02/04/2026, 14:50:40 - ERROR: Download of “https://www.neilwilsondesign.co.uk/sencha---newcastle”, referred from “/Users/mark/Downloads/us.sitesucker.mac.sitesucker/www.neilwilsondesign.co.uk/ken-speckle.html”, failed with error code 404 (not found)
02/04/2026, 14:50:40 - ERROR: Download of “https://www.neilwilsondesign.co.uk/sencha---newcastle”, referred from “/Users/mark/Downloads/us.sitesucker.mac.sitesucker/www.neilwilsondesign.co.uk/panda-babies.html”, failed with error code 404 (not found)
02/04/2026, 14:50:40 - ERROR: Download of “https://www.neilwilsondesign.co.uk/sencha---newcastle”, referred from “/Users/mark/Downloads/us.sitesucker.mac.sitesucker/www.neilwilsondesign.co.uk/r-and-d-tax-credit-app.html”, failed with error code 404 (not found)
02/04/2026, 14:50:41 - ERROR: Download of “https://www.neilwilsondesign.co.uk/love-leaf-tea”, referred from “/Users/mark/Downloads/us.sitesucker.mac.sitesucker/www.neilwilsondesign.co.uk/tizzy-lemon.html”, failed with error code 404 (not found)
02/04/2026, 14:50:41 - ERROR: Download of “https://www.neilwilsondesign.co.uk/love-leaf-tea”, referred from “/Users/mark/Downloads/us.sitesucker.mac.sitesucker/www.neilwilsondesign.co.uk/ken-speckle.html”, failed with error code 404 (not found)
02/04/2026, 14:50:41 - ERROR: Download of “https://www.neilwilsondesign.co.uk/love-leaf-tea”, referred from “/Users/mark/Downloads/us.sitesucker.mac.sitesucker/www.neilwilsondesign.co.uk/panda-babies.html”, failed with error code 404 (not found)
02/04/2026, 14:50:41 - ERROR: Download of “https://www.neilwilsondesign.co.uk/love-leaf-tea”, referred from “/Users/mark/Downloads/us.sitesucker.mac.sitesucker/www.neilwilsondesign.co.uk/r-and-d-tax-credit-app.html”, failed with error code 404 (not found)
02/04/2026, 14:51:23 - ERROR: Download of “https://static.cdn-website.com/fonts/dm-social-font.svg?mxo7pn”, referred from “/Users/mark/Downloads/us.sitesucker.mac.sitesucker/static.cdn-website.com/mnlt/production/6300/_dm/s/rt/dist/css/d-css-runtime-desktop-one-package-structured-global.min.css”, failed with error code 403 (forbidden)
02/04/2026, 14:51:23 - ERROR: Download of “https://static.cdn-website.com/fonts/dm-social-font.svg?mxo7pn”, referred from “/Users/mark/Downloads/us.sitesucker.mac.sitesucker/static.cdn-website.com/mnlt/production/6303/_dm/s/rt/dist/css/d-css-runtime-desktop-one-package-structured-global.min.css”, failed with error code 403 (forbidden)
02/04/2026, 14:51:23 - ERROR: Download of “https://static.cdn-website.com/fonts/dm-social-font.svg?mxo7pn”, referred from “/Users/mark/Downloads/us.sitesucker.mac.sitesucker/static.cdn-website.com/mnlt/production/6297/_dm/s/rt/dist/css/d-css-runtime-desktop-one-package-structured-global.min.css”, failed with error code 403 (forbidden)
02/04/2026, 14:51:23 - ERROR: Download of “https://static.cdn-website.com/fonts/dm-social-font.svg?mxo7pn”, referred from “/Users/mark/Downloads/us.sitesucker.mac.sitesucker/static.cdn-website.com/mnlt/production/6304/_dm/s/rt/dist/css/d-css-runtime-desktop-one-package-structured-global.min.css”, failed with error code 403 (forbidden)
02/04/2026, 14:51:23 - ERROR: Download of “https://static.cdn-website.com/fonts/dm-social-font.svg?mxo7pn”, referred from “/Users/mark/Downloads/us.sitesucker.mac.sitesucker/static.cdn-website.com/mnlt/production/6306/_dm/s/rt/dist/css/d-css-runtime-desktop-one-package-structured-global.min.css”, failed with error code 403 (forbidden)
02/04/2026, 14:51:23 - ERROR: Download of “https://static.cdn-website.com/fonts/dm-social-font.svg?mxo7pn”, referred from “/Users/mark/Downloads/us.sitesucker.mac.sitesucker/static.cdn-website.com/mnlt/production/6315/_dm/s/rt/dist/css/d-css-runtime-desktop-one-package-structured-global.min.css”, failed with error code 403 (forbidden)
02/04/2026, 14:51:23 - ERROR: Download of “https://static.cdn-website.com/fonts/dm-font.svg?v=12”, referred from “/Users/mark/Downloads/us.sitesucker.mac.sitesucker/static.cdn-website.com/mnlt/production/6300/_dm/s/rt/dist/css/d-css-runtime-desktop-one-package-structured-global.min.css”, failed with error code 403 (forbidden)
02/04/2026, 14:51:23 - ERROR: Download of “https://static.cdn-website.com/fonts/dm-font.svg?v=12”, referred from “/Users/mark/Downloads/us.sitesucker.mac.sitesucker/static.cdn-website.com/mnlt/production/6303/_dm/s/rt/dist/css/d-css-runtime-desktop-one-package-structured-global.min.css”, failed with error code 403 (forbidden)
02/04/2026, 14:51:23 - ERROR: Download of “https://static.cdn-website.com/fonts/dm-font.svg?v=12”, referred from “/Users/mark/Downloads/us.sitesucker.mac.sitesucker/static.cdn-website.com/mnlt/production/6297/_dm/s/rt/dist/css/d-css-runtime-desktop-one-package-structured-global.min.css”, failed with error code 403 (forbidden)
02/04/2026, 14:51:23 - ERROR: Download of “https://static.cdn-website.com/fonts/dm-font.svg?v=12”, referred from “/Users/mark/Downloads/us.sitesucker.mac.sitesucker/static.cdn-website.com/mnlt/production/6304/_dm/s/rt/dist/css/d-css-runtime-desktop-one-package-structured-global.min.css”, failed with error code 403 (forbidden)
02/04/2026, 14:51:23 - ERROR: Download of “https://static.cdn-website.com/fonts/dm-font.svg?v=12”, referred from “/Users/mark/Downloads/us.sitesucker.mac.sitesucker/static.cdn-website.com/mnlt/production/6306/_dm/s/rt/dist/css/d-css-runtime-desktop-one-package-structured-global.min.css”, failed with error code 403 (forbidden)
02/04/2026, 14:51:23 - ERROR: Download of “https://static.cdn-website.com/fonts/dm-font.svg?v=12”, referred from “/Users/mark/Downloads/us.sitesucker.mac.sitesucker/static.cdn-website.com/mnlt/production/6315/_dm/s/rt/dist/css/d-css-runtime-desktop-one-package-structured-global.min.css”, failed with error code 403 (forbidden)
02/04/2026, 14:51:26 - ERROR: Download of “https://static.cdn-website.com/fonts/dm-social-font.svg?mxo7pn”, referred from “/Users/mark/Downloads/us.sitesucker.mac.sitesucker/static.cdn-website.com/mnlt/production/6296/_dm/s/rt/dist/css/d-css-runtime-desktop-one-package-structured-global.min.css”, failed with error code 403 (forbidden)
02/04/2026, 14:51:26 - ERROR: Download of “https://static.cdn-website.com/fonts/dm-font.svg?v=12”, referred from “/Users/mark/Downloads/us.sitesucker.mac.sitesucker/static.cdn-website.com/mnlt/production/6296/_dm/s/rt/dist/css/d-css-runtime-desktop-one-package-structured-global.min.css”, failed with error code 403 (forbidden)
02/04/2026, 14:51:27 - ERROR: Download of “http://www.mixinteriors.com/project/gensler-challenges-the-conventions-of-a-showroom-at-cadillac”, referred from “/Users/mark/Downloads/us.sitesucker.mac.sitesucker/www.neilwilsondesign.co.uk/why-acoustic-dampening-matters-in-car-showrooms.html”, failed with error code -1007 (too many HTTP redirects)
02/04/2026, 14:51:28 - ERROR: Download of “https://tocalife.com/”, referred from “/Users/mark/Downloads/us.sitesucker.mac.sitesucker/www.neilwilsondesign.co.uk/why-kids-need-both-digital-and-physical-creative-spaces.html”, failed with error code -1003 (A server with the specified hostname could not be found.)
02/04/2026, 14:51:30 - ERROR: Download of “https://static.cdn-website.com/fonts/dm-social-font.svg?mxo7pn”, referred from “/Users/mark/Downloads/us.sitesucker.mac.sitesucker/static.cdn-website.com/mnlt/production/6318/_dm/s/rt/dist/css/d-css-runtime-desktop-one-package-structured-global.min.css”, failed with error code 403 (forbidden)
02/04/2026, 14:51:30 - ERROR: Download of “https://static.cdn-website.com/fonts/dm-font.svg?v=12”, referred from “/Users/mark/Downloads/us.sitesucker.mac.sitesucker/static.cdn-website.com/mnlt/production/6318/_dm/s/rt/dist/css/d-css-runtime-desktop-one-package-structured-global.min.css”, failed with error code 403 (forbidden)

---------------------
